d:\studia_okno\zaawansowanec++\project\customdatabase\x64\debug\model.obj
d:\studia_okno\zaawansowanec++\project\customdatabase\x64\debug\table.obj
d:\studia_okno\zaawansowanec++\project\customdatabase\x64\debug\startingwidget.obj
d:\studia_okno\zaawansowanec++\project\customdatabase\x64\debug\row.obj
d:\studia_okno\zaawansowanec++\project\customdatabase\x64\debug\uic\ui_mainwindow.h
d:\studia_okno\zaawansowanec++\project\customdatabase\x64\debug\uic\ui_addtablewidget.h
d:\studia_okno\zaawansowanec++\project\customdatabase\x64\debug\uic\ui_choosetablewidget.h
d:\studia_okno\zaawansowanec++\project\customdatabase\x64\debug\uic\ui_edittablewidget.h
d:\studia_okno\zaawansowanec++\project\customdatabase\x64\debug\uic\ui_showtableview.h
d:\studia_okno\zaawansowanec++\project\customdatabase\x64\debug\uic\ui_startingwidget.h
d:\studia_okno\zaawansowanec++\project\customdatabase\x64\debug\rcc\qrc_mainwindow.cpp
d:\studia_okno\zaawansowanec++\project\customdatabase\x64\debug\moc\moc_mainwindow.cpp
d:\studia_okno\zaawansowanec++\project\customdatabase\x64\debug\moc\moc_startingwidget.cpp
d:\studia_okno\zaawansowanec++\project\customdatabase\x64\debug\moc\moc_showtableview.cpp
d:\studia_okno\zaawansowanec++\project\customdatabase\x64\debug\moc\moc_edittablewidget.cpp
d:\studia_okno\zaawansowanec++\project\customdatabase\x64\debug\moc\moc_choosetablewidget.cpp
d:\studia_okno\zaawansowanec++\project\customdatabase\x64\debug\moc\moc_addtablewidget.cpp
d:\studia_okno\zaawansowanec++\project\customdatabase\x64\debug\vc142.pdb
d:\studia_okno\zaawansowanec++\project\customdatabase\x64\debug\customdatabase.tlog\cl.13988.write.1.tlog
d:\studia_okno\zaawansowanec++\project\customdatabase\x64\debug\customdatabase.tlog\cl.command.1.tlog
d:\studia_okno\zaawansowanec++\project\customdatabase\x64\debug\customdatabase.tlog\cl.read.1.tlog
d:\studia_okno\zaawansowanec++\project\customdatabase\x64\debug\customdatabase.tlog\customdatabase.write.1u.tlog
d:\studia_okno\zaawansowanec++\project\customdatabase\x64\debug\customdatabase.tlog\moc.read.1u.tlog
d:\studia_okno\zaawansowanec++\project\customdatabase\x64\debug\customdatabase.tlog\moc.write.1u.tlog
d:\studia_okno\zaawansowanec++\project\customdatabase\x64\debug\customdatabase.tlog\rcc.read.1u.tlog
d:\studia_okno\zaawansowanec++\project\customdatabase\x64\debug\customdatabase.tlog\rcc.write.1u.tlog
d:\studia_okno\zaawansowanec++\project\customdatabase\x64\debug\customdatabase.tlog\uic.read.1u.tlog
d:\studia_okno\zaawansowanec++\project\customdatabase\x64\debug\customdatabase.tlog\uic.write.1u.tlog
